<?xml version="1.0" encoding="UTF-8"?>
<testsuite xmlns:xsi="http://www.w3.org/2001/XMLSchema-instance" xsi:noNamespaceSchemaLocation="https://maven.apache.org/surefire/maven-surefire-plugin/xsd/surefire-test-report-3.0.xsd" version="3.0" name="ru.tinkoff.edu.java.scrapper.service.jpa.JpaLinkServiceTest" time="106.871" tests="8" errors="0" skipped="0" failures="0">
  <properties>
[...]
</properties>
  <testcase name="removeLink_shouldThrowDataNotFoundException" classname="ru.tinkoff.edu.java.scrapper.service.jpa.JpaLinkServiceTest" time="6.29">
    <system-out><![CDATA[2023-05-09 14:53:05 &amp#27;[34mINFO &amp#27;[0;39m &amp#27;[35m[main]&amp#27;[0;39m &amp#27;[36mo.s.t.c.s.AnnotationConfigContextLoaderUtils.detectDefaultConfigurationClasses&amp#27;[0;39m - Could not detect default configuration classes for test class [ru.tinkoff.edu.java.scrapper.service.jpa.JpaLinkServiceTest]: JpaLinkServiceTest does not declare any static, non-private, non-final, nested classes annotated with @Configuration.
2023-05-09 14:53:06 &amp#27;[34mINFO &amp#27;[0;39m &amp#27;[35m[main]&amp#27;[0;39m &amp#27;[36mo.s.b.t.c.SpringBootTestContextBootstrapper.getOrFindConfigurationClasses&amp#27;[0;39m - Found @SpringBootConfiguration ru.tinkoff.edu.java.scrapper.ScrapperApplication for test class ru.tinkoff.edu.java.scrapper.service.jpa.JpaLinkServiceTest
2023-05-09 14:53:07 &amp#27;[34mINFO &amp#27;[0;39m &amp#27;[35m[main]&amp#27;[0;39m &amp#27;[36mo.t.u.ImageNameSubstitutor.instance&amp#27;[0;39m - Image name substitution will be performed by: DefaultImageNameSubstitutor (composite of 'ConfigurationFileImageNameSubstitutor' and 'PrefixingImageNameSubstitutor')
2023-05-09 14:53:07 &amp#27;[34mINFO &amp#27;[0;39m &amp#27;[35m[main]&amp#27;[0;39m &amp#27;[36mo.t.d.DockerClientProviderStrategy.lambda$loadConfiguredStrategy$9&amp#27;[0;39m - Loaded org.testcontainers.dockerclient.NpipeSocketClientProviderStrategy from ~/.testcontainers.properties, will try it first
2023-05-09 14:53:10 &amp#27;[34mINFO &amp#27;[0;39m &amp#27;[35m[main]&amp#27;[0;39m &amp#27;[36mo.t.d.DockerClientProviderStrategy.tryOutStrategy&amp#27;[0;39m - Found Docker environment with local Npipe socket (npipe:////./pipe/docker_engine)
2023-05-09 14:53:10 &amp#27;[34mINFO &amp#27;[0;39m &amp#27;[35m[main]&amp#27;[0;39m &amp#27;[36mo.t.DockerClientFactory.client&amp#27;[0;39m - Docker host IP address is localhost
2023-05-09 14:53:10 &amp#27;[34mINFO &amp#27;[0;39m &amp#27;[35m[main]&amp#27;[0;39m &amp#27;[36mo.t.DockerClientFactory.client&amp#27;[0;39m - Connected to docker: 
  Server Version: 20.10.24
  API Version: 1.41
  Operating System: Docker Desktop
  Total Memory: 1791 MB
2023-05-09 14:53:10 &amp#27;[34mINFO &amp#27;[0;39m &amp#27;[35m[main]&amp#27;[0;39m &amp#27;[36md.3.4].tryStart&amp#27;[0;39m - Creating container for image: testcontainers/ryuk:0.3.4
2023-05-09 14:53:11 &amp#27;[34mINFO &amp#27;[0;39m &amp#27;[35m[main]&amp#27;[0;39m &amp#27;[36mo.t.u.RegistryAuthLocator.runCredentialProvider&amp#27;[0;39m - Credential helper/store (docker-credential-desktop) does not have credentials for https://index.docker.io/v1/
2023-05-09 14:53:12 &amp#27;[34mINFO &amp#27;[0;39m &amp#27;[35m[main]&amp#27;[0;39m &amp#27;[36md.3.4].tryStart&amp#27;[0;39m - Container testcontainers/ryuk:0.3.4 is starting: 6a57d2138ce3c72dce6cba40d33f8b695e2e426036d5387b2d7d16025726342c
2023-05-09 14:53:22 &amp#27;[34mINFO &amp#27;[0;39m &amp#27;[35m[main]&amp#27;[0;39m &amp#27;[36md.3.4].tryStart&amp#27;[0;39m - Container testcontainers/ryuk:0.3.4 started in PT12.6545899S
2023-05-09 14:53:23 &amp#27;[34mINFO &amp#27;[0;39m &amp#27;[35m[main]&amp#27;[0;39m &amp#27;[36mo.t.utility.RyukResourceReaper.init&amp#27;[0;39m - Ryuk started - will monitor and terminate Testcontainers containers on JVM exit
2023-05-09 14:53:23 &amp#27;[34mINFO &amp#27;[0;39m &amp#27;[35m[main]&amp#27;[0;39m &amp#27;[36mo.t.DockerClientFactory.client&amp#27;[0;39m - Checking the system...
2023-05-09 14:53:23 &amp#27;[34mINFO &amp#27;[0;39m &amp#27;[35m[main]&amp#27;[0;39m &amp#27;[36mo.t.DockerClientFactory.check&amp#27;[0;39m - ?? Docker server version should be at least 1.6.0
2023-05-09 14:53:23 &amp#27;[34mINFO &amp#27;[0;39m &amp#27;[35m[main]&amp#27;[0;39m &amp#27;[36mdocker[postgres:15].tryStart&amp#27;[0;39m - Creating container for image: postgres:15
2023-05-09 14:53:23 &amp#27;[34mINFO &amp#27;[0;39m &amp#27;[35m[main]&amp#27;[0;39m &amp#27;[36mdocker[postgres:15].tryStart&amp#27;[0;39m - Container postgres:15 is starting: 7bc2e69443602a0122fb382e96d4611196b0d98d3864f9ed449f7d6e47899539
2023-05-09 14:53:40 &amp#27;[34mINFO &amp#27;[0;39m &amp#27;[35m[main]&amp#27;[0;39m &amp#27;[36mdocker[postgres:15].tryStart&amp#27;[0;39m - Container postgres:15 started in PT17.7800901S

  .   ____          _            __ _ _
 /\\ / ___'_ __ _ _(_)_ __  __ _ \ \ \ \
( ( )\___ | '_ | '_| | '_ \/ _` | \ \ \ \
 \\/  ___)| |_)| | | | | || (_| |  ) ) ) )
  '  |____| .__|_| |_|_| |_\__, | / / / /
 =========|_|==============|___/=/_/_/_/
 :: Spring Boot ::                (v3.0.1)

2023-05-09 14:53:42 &amp#27;[34mINFO &amp#27;[0;39m &amp#27;[35m[background-preinit]&amp#27;[0;39m &amp#27;[36mo.h.v.internal.util.Version.<clinit>&amp#27;[0;39m - HV000001: Hibernate Validator 8.0.0.Final
2023-05-09 14:53:42 &amp#27;[34mINFO &amp#27;[0;39m &amp#27;[35m[main]&amp#27;[0;39m &amp#27;[36mr.t.e.j.s.s.j.JpaLinkServiceTest.logStarting&amp#27;[0;39m - Starting JpaLinkServiceTest using Java 17.0.6 with PID 10204 (started by Роман in D:\BackendDev Tinkoff\TinkoffRep\TinkoffProject\scrapper)
2023-05-09 14:53:42 &amp#27;[34mINFO &amp#27;[0;39m &amp#27;[35m[main]&amp#27;[0;39m &amp#27;[36mr.t.e.j.s.s.j.JpaLinkServiceTest.logStartupProfileInfo&amp#27;[0;39m - No active profile set, falling back to 1 default profile: "default"
2023-05-09 14:53:48 &amp#27;[34mINFO &amp#27;[0;39m &amp#27;[35m[main]&amp#27;[0;39m &amp#27;[36mo.s.d.r.c.RepositoryConfigurationDelegate.registerRepositoriesIn&amp#27;[0;39m - Bootstrapping Spring Data JPA repositories in DEFAULT mode.
2023-05-09 14:53:49 &amp#27;[34mINFO &amp#27;[0;39m &amp#27;[35m[main]&amp#27;[0;39m &amp#27;[36mo.s.d.r.c.RepositoryConfigurationDelegate.registerRepositoriesIn&amp#27;[0;39m - Finished Spring Data repository scanning in 761 ms. Found 4 JPA repository interfaces.
2023-05-09 14:54:15 &amp#27;[34mINFO &amp#27;[0;39m &amp#27;[35m[main]&amp#27;[0;39m &amp#27;[36mo.h.j.internal.util.LogHelper.logPersistenceUnitInformation&amp#27;[0;39m - HHH000204: Processing PersistenceUnitInfo [name: default]
2023-05-09 14:54:15 &amp#27;[34mINFO &amp#27;[0;39m &amp#27;[35m[main]&amp#27;[0;39m &amp#27;[36morg.hibernate.Version.logVersion&amp#27;[0;39m - HHH000412: Hibernate ORM core version 6.1.6.Final
2023-05-09 14:54:16 &amp#27;[34mINFO &amp#27;[0;39m &amp#27;[35m[main]&amp#27;[0;39m &amp#27;[36mSQL dialect.logSelectedDialect&amp#27;[0;39m - HHH000400: Using dialect: org.hibernate.dialect.PostgreSQLDialect
2023-05-09 14:54:19 &amp#27;[34mINFO &amp#27;[0;39m &amp#27;[35m[main]&amp#27;[0;39m &amp#27;[36mo.h.e.t.j.p.i.JtaPlatformInitiator.initiateService&amp#27;[0;39m - HHH000490: Using JtaPlatform implementation: [org.hibernate.engine.transaction.jta.platform.internal.NoJtaPlatform]
2023-05-09 14:54:19 &amp#27;[34mINFO &amp#27;[0;39m &amp#27;[35m[main]&amp#27;[0;39m &amp#27;[36mo.s.o.j.LocalContainerEntityManagerFactoryBean.buildNativeEntityManagerFactory&amp#27;[0;39m - Initialized JPA EntityManagerFactory for persistence unit 'default'
2023-05-09 14:54:35 &amp#27;[34mINFO &amp#27;[0;39m &amp#27;[35m[main]&amp#27;[0;39m &amp#27;[36mr.t.e.j.s.s.j.JpaLinkServiceTest.logStarted&amp#27;[0;39m - Started JpaLinkServiceTest in 53.775 seconds (process running for 93.246)
Hibernate: SELECT l1.* FROM link_info.link l1 WHERE l1.id = (SELECT l2.id FROM link_info.link l2 WHERE l2.chat_id = l1.chat_id ORDER BY l2.last_check LIMIT 1);
2023-05-09 14:54:36 &amp#27;[31mWARN &amp#27;[0;39m &amp#27;[35m[scheduling-1]&amp#27;[0;39m &amp#27;[36mo.h.e.j.spi.SqlExceptionHelper.logExceptions&amp#27;[0;39m - SQL Error: 0, SQLState: 42P01
2023-05-09 14:54:36 &amp#27;[1;31mERROR&amp#27;[0;39m &amp#27;[35m[scheduling-1]&amp#27;[0;39m &amp#27;[36mo.h.e.j.spi.SqlExceptionHelper.logExceptions&amp#27;[0;39m - ERROR: relation "link_info.link" does not exist
  Позиция: 18
2023-05-09 14:54:36 &amp#27;[1;31mERROR&amp#27;[0;39m &amp#27;[35m[scheduling-1]&amp#27;[0;39m &amp#27;[36mo.s.s.s.TaskUtils$LoggingErrorHandler.handleError&amp#27;[0;39m - Unexpected error occurred in scheduled task
org.springframework.dao.InvalidDataAccessResourceUsageException: JDBC exception executing SQL [SELECT l1.* FROM link_info.link l1 WHERE l1.id = (SELECT l2.id FROM link_info.link l2 WHERE l2.chat_id = l1.chat_id ORDER BY l2.last_check LIMIT 1);]; SQL [n/a]
	at org.springframework.orm.jpa.vendor.HibernateJpaDialect.convertHibernateAccessException(HibernateJpaDialect.java:257)
	at org.springframework.orm.jpa.vendor.HibernateJpaDialect.translateExceptionIfPossible(HibernateJpaDialect.java:233)
	at org.springframework.orm.jpa.AbstractEntityManagerFactoryBean.translateExceptionIfPossible(AbstractEntityManagerFactoryBean.java:550)
	at org.springframework.dao.support.ChainedPersistenceExceptionTranslator.translateExceptionIfPossible(ChainedPersistenceExceptionTranslator.java:61)
	at org.springframework.dao.support.DataAccessUtils.translateIfNecessary(DataAccessUtils.java:242)
	at org.springframework.dao.support.PersistenceExceptionTranslationInterceptor.invoke(PersistenceExceptionTranslationInterceptor.java:152)
	at org.springframework.aop.framework.ReflectiveMethodInvocation.proceed(ReflectiveMethodInvocation.java:184)
	at org.springframework.data.jpa.repository.support.CrudMethodMetadataPostProcessor$CrudMethodMetadataPopulatingMethodInterceptor.invoke(CrudMethodMetadataPostProcessor.java:134)
	at org.springframework.aop.framework.ReflectiveMethodInvocation.proceed(ReflectiveMethodInvocation.java:184)
	at org.springframework.aop.interceptor.ExposeInvocationInterceptor.invoke(ExposeInvocationInterceptor.java:97)
	at org.springframework.aop.framework.ReflectiveMethodInvocation.proceed(ReflectiveMethodInvocation.java:184)
	at org.springframework.aop.framework.JdkDynamicAopProxy.invoke(JdkDynamicAopProxy.java:218)
	at jdk.proxy2/jdk.proxy2.$Proxy147.findOneOldestLinkByLastCheckForEachUser(Unknown Source)
	at ru.tinkoff.edu.java.scrapper.service.jpa.JpaLinkService.findAllOldestLinksByLastCheck(JpaLinkService.java:99)
	at java.base/jdk.internal.reflect.NativeMethodAccessorImpl.invoke0(Native Method)
	at java.base/jdk.internal.reflect.NativeMethodAccessorImpl.invoke(NativeMethodAccessorImpl.java:77)
	at java.base/jdk.internal.reflect.DelegatingMethodAccessorImpl.invoke(DelegatingMethodAccessorImpl.java:43)
	at java.base/java.lang.reflect.Method.invoke(Method.java:568)
	at org.springframework.aop.support.AopUtils.invokeJoinpointUsingReflection(AopUtils.java:343)
	at org.springframework.aop.framework.CglibAopProxy$DynamicAdvisedInterceptor.intercept(CglibAopProxy.java:699)
	at ru.tinkoff.edu.java.scrapper.service.jpa.JpaLinkService$$SpringCGLIB$$0.findAllOldestLinksByLastCheck(<generated>)
	at ru.tinkoff.edu.java.scrapper.service.schedule.LinkUpdaterScheduler.update(LinkUpdaterScheduler.java:38)
	at java.base/jdk.internal.reflect.NativeMethodAccessorImpl.invoke0(Native Method)
	at java.base/jdk.internal.reflect.NativeMethodAccessorImpl.invoke(NativeMethodAccessorImpl.java:77)
	at java.base/jdk.internal.reflect.DelegatingMethodAccessorImpl.invoke(DelegatingMethodAccessorImpl.java:43)
	at java.base/java.lang.reflect.Method.invoke(Method.java:568)
	at org.springframework.scheduling.support.ScheduledMethodRunnable.run(ScheduledMethodRunnable.java:84)
	at org.springframework.scheduling.support.DelegatingErrorHandlingRunnable.run(DelegatingErrorHandlingRunnable.java:54)
	at java.base/java.util.concurrent.Executors$RunnableAdapter.call(Executors.java:539)
	at java.base/java.util.concurrent.FutureTask.runAndReset(FutureTask.java:305)
	at java.base/java.util.concurrent.ScheduledThreadPoolExecutor$ScheduledFutureTask.run(ScheduledThreadPoolExecutor.java:305)
	at java.base/java.util.concurrent.ThreadPoolExecutor.runWorker(ThreadPoolExecutor.java:1136)
	at java.base/java.util.concurrent.ThreadPoolExecutor$Worker.run(ThreadPoolExecutor.java:635)
	at java.base/java.lang.Thread.run(Thread.java:833)
Caused by: org.hibernate.exception.SQLGrammarException: JDBC exception executing SQL [SELECT l1.* FROM link_info.link l1 WHERE l1.id = (SELECT l2.id FROM link_info.link l2 WHERE l2.chat_id = l1.chat_id ORDER BY l2.last_check LIMIT 1);]
	at org.hibernate.exception.internal.SQLStateConversionDelegate.convert(SQLStateConversionDelegate.java:89)
	at org.hibernate.exception.internal.StandardSQLExceptionConverter.convert(StandardSQLExceptionConverter.java:56)
	at org.hibernate.engine.jdbc.spi.SqlExceptionHelper.convert(SqlExceptionHelper.java:109)
	at org.hibernate.engine.jdbc.spi.SqlExceptionHelper.convert(SqlExceptionHelper.java:95)
	at org.hibernate.sql.results.jdbc.internal.DeferredResultSetAccess.executeQuery(DeferredResultSetAccess.java:253)
	at org.hibernate.sql.results.jdbc.internal.DeferredResultSetAccess.getResultSet(DeferredResultSetAccess.java:146)
	at org.hibernate.sql.results.jdbc.internal.AbstractResultSetAccess.getMetaData(AbstractResultSetAccess.java:33)
	at org.hibernate.sql.results.jdbc.internal.AbstractResultSetAccess.getColumnCount(AbstractResultSetAccess.java:49)
	at org.hibernate.query.results.ResultSetMappingImpl.resolve(ResultSetMappingImpl.java:187)
	at org.hibernate.sql.exec.internal.JdbcSelectExecutorStandardImpl.resolveJdbcValuesSource(JdbcSelectExecutorStandardImpl.java:559)
	at org.hibernate.sql.exec.internal.JdbcSelectExecutorStandardImpl.doExecuteQuery(JdbcSelectExecutorStandardImpl.java:350)
	at org.hibernate.sql.exec.internal.JdbcSelectExecutorStandardImpl.executeQuery(JdbcSelectExecutorStandardImpl.java:166)
	at org.hibernate.sql.exec.internal.JdbcSelectExecutorStandardImpl.list(JdbcSelectExecutorStandardImpl.java:91)
	at org.hibernate.sql.exec.spi.JdbcSelectExecutor.list(JdbcSelectExecutor.java:31)
	at org.hibernate.query.sql.internal.NativeSelectQueryPlanImpl.performList(NativeSelectQueryPlanImpl.java:105)
	at org.hibernate.query.sql.internal.NativeQueryImpl.doList(NativeQueryImpl.java:602)
	at org.hibernate.query.spi.AbstractSelectionQuery.list(AbstractSelectionQuery.java:363)
	at org.hibernate.query.Query.getResultList(Query.java:94)
	at java.base/jdk.internal.reflect.NativeMethodAccessorImpl.invoke0(Native Method)
	at java.base/jdk.internal.reflect.NativeMethodAccessorImpl.invoke(NativeMethodAccessorImpl.java:77)
	at java.base/jdk.internal.reflect.DelegatingMethodAccessorImpl.invoke(DelegatingMethodAccessorImpl.java:43)
	at java.base/java.lang.reflect.Method.invoke(Method.java:568)
	at org.springframework.orm.jpa.SharedEntityManagerCreator$DeferredQueryInvocationHandler.invoke(SharedEntityManagerCreator.java:401)
	at jdk.proxy2/jdk.proxy2.$Proxy179.getResultList(Unknown Source)
	at org.springframework.data.jpa.repository.query.JpaQueryExecution$CollectionExecution.doExecute(JpaQueryExecution.java:127)
	at org.springframework.data.jpa.repository.query.JpaQueryExecution.execute(JpaQueryExecution.java:90)
	at org.springframework.data.jpa.repository.query.AbstractJpaQuery.doExecute(AbstractJpaQuery.java:148)
	at org.springframework.data.jpa.repository.query.AbstractJpaQuery.execute(AbstractJpaQuery.java:136)
	at org.springframework.data.repository.core.support.RepositoryMethodInvoker.doInvoke(RepositoryMethodInvoker.java:136)
	at org.springframework.data.repository.core.support.RepositoryMethodInvoker.invoke(RepositoryMethodInvoker.java:120)
	at org.springframework.data.repository.core.support.QueryExecutorMethodInterceptor.doInvoke(QueryExecutorMethodInterceptor.java:164)
	at org.springframework.data.repository.core.support.QueryExecutorMethodInterceptor.invoke(QueryExecutorMethodInterceptor.java:143)
	at org.springframework.aop.framework.ReflectiveMethodInvocation.proceed(ReflectiveMethodInvocation.java:184)
	at org.springframework.data.projection.DefaultMethodInvokingMethodInterceptor.invoke(DefaultMethodInvokingMethodInterceptor.java:77)
	at org.springframework.aop.framework.ReflectiveMethodInvocation.proceed(ReflectiveMethodInvocation.java:184)
	at org.springframework.transaction.interceptor.TransactionInterceptor$1.proceedWithInvocation(TransactionInterceptor.java:123)
	at org.springframework.transaction.interceptor.TransactionAspectSupport.invokeWithinTransaction(TransactionAspectSupport.java:388)
	at org.springframework.transaction.interceptor.TransactionInterceptor.invoke(TransactionInterceptor.java:119)
	at org.springframework.aop.framework.ReflectiveMethodInvocation.proceed(ReflectiveMethodInvocation.java:184)
	at org.springframework.dao.support.PersistenceExceptionTranslationInterceptor.invoke(PersistenceExceptionTranslationInterceptor.java:137)
	... 28 common frames omitted
Caused by: org.postgresql.util.PSQLException: ERROR: relation "link_info.link" does not exist
  Позиция: 18
	at org.postgresql.core.v3.QueryExecutorImpl.receiveErrorResponse(QueryExecutorImpl.java:2676)
	at org.postgresql.core.v3.QueryExecutorImpl.processResults(QueryExecutorImpl.java:2366)
	at org.postgresql.core.v3.QueryExecutorImpl.execute(QueryExecutorImpl.java:356)
	at org.postgresql.jdbc.PgStatement.executeInternal(PgStatement.java:496)
	at org.postgresql.jdbc.PgStatement.execute(PgStatement.java:413)
	at org.postgresql.jdbc.PgPreparedStatement.executeWithFlags(PgPreparedStatement.java:190)
	at org.postgresql.jdbc.PgPreparedStatement.executeQuery(PgPreparedStatement.java:134)
	at org.hibernate.sql.results.jdbc.internal.DeferredResultSetAccess.executeQuery(DeferredResultSetAccess.java:217)
	... 63 common frames omitted
2023-05-09 14:54:38 &amp#27;[34mINFO &amp#27;[0;39m &amp#27;[35m[main]&amp#27;[0;39m &amp#27;[36mliquibase.database.log&amp#27;[0;39m - Set default schema name to public
2023-05-09 14:54:38 &amp#27;[34mINFO &amp#27;[0;39m &amp#27;[35m[main]&amp#27;[0;39m &amp#27;[36mliquibase.lockservice.log&amp#27;[0;39m - Successfully acquired change log lock
2023-05-09 14:54:39 &amp#27;[34mINFO &amp#27;[0;39m &amp#27;[35m[main]&amp#27;[0;39m &amp#27;[36mliquibase.changelog.log&amp#27;[0;39m - Creating database history table with name: public.databasechangelog
2023-05-09 14:54:39 &amp#27;[34mINFO &amp#27;[0;39m &amp#27;[35m[main]&amp#27;[0;39m &amp#27;[36mliquibase.changelog.log&amp#27;[0;39m - Reading from public.databasechangelog
Running Changeset: link-info-schema.sql::23::admin
2023-05-09 14:54:40 &amp#27;[34mINFO &amp#27;[0;39m &amp#27;[35m[main]&amp#27;[0;39m &amp#27;[36mliquibase.changelog.log&amp#27;[0;39m - Custom SQL executed
2023-05-09 14:54:40 &amp#27;[34mINFO &amp#27;[0;39m &amp#27;[35m[main]&amp#27;[0;39m &amp#27;[36mliquibase.changelog.log&amp#27;[0;39m - ChangeSet link-info-schema.sql::23::admin ran successfully in 302ms
Running Changeset: link-info-insert.sql::23::admin
2023-05-09 14:54:40 &amp#27;[34mINFO &amp#27;[0;39m &amp#27;[35m[main]&amp#27;[0;39m &amp#27;[36mliquibase.changelog.log&amp#27;[0;39m - Custom SQL executed
2023-05-09 14:54:40 &amp#27;[34mINFO &amp#27;[0;39m &amp#27;[35m[main]&amp#27;[0;39m &amp#27;[36mliquibase.changelog.log&amp#27;[0;39m - ChangeSet link-info-insert.sql::23::admin ran successfully in 177ms
2023-05-09 14:54:40 &amp#27;[34mINFO &amp#27;[0;39m &amp#27;[35m[main]&amp#27;[0;39m &amp#27;[36mliquibase.lockservice.log&amp#27;[0;39m - Successfully released change log lock
Hibernate: select c1_0.chat_id from link_info.chat c1_0 where c1_0.chat_id=?
Hibernate: select l1_0.chat_id,l1_0.id,l1_0.last_check,l1_0.last_update,l1_0.type,l1_0.url from link_info.link l1_0 where l1_0.chat_id=?
]]></system-out>
  </testcase>
  <testcase name="addLink_shouldReturnExpectedResponse" classname="ru.tinkoff.edu.java.scrapper.service.jpa.JpaLinkServiceTest" time="1.578">
    <system-out><![CDATA[2023-05-09 14:54:42 &amp#27;[34mINFO &amp#27;[0;39m &amp#27;[35m[main]&amp#27;[0;39m &amp#27;[36mliquibase.database.log&amp#27;[0;39m - Set default schema name to public
2023-05-09 14:54:42 &amp#27;[34mINFO &amp#27;[0;39m &amp#27;[35m[main]&amp#27;[0;39m &amp#27;[36mliquibase.lockservice.log&amp#27;[0;39m - Successfully acquired change log lock
2023-05-09 14:54:42 &amp#27;[34mINFO &amp#27;[0;39m &amp#27;[35m[main]&amp#27;[0;39m &amp#27;[36mliquibase.changelog.log&amp#27;[0;39m - Reading from public.databasechangelog
2023-05-09 14:54:43 &amp#27;[34mINFO &amp#27;[0;39m &amp#27;[35m[main]&amp#27;[0;39m &amp#27;[36mliquibase.lockservice.log&amp#27;[0;39m - Successfully released change log lock
Hibernate: select c1_0.chat_id from link_info.chat c1_0 where c1_0.chat_id=?
Hibernate: select l1_0.chat_id,l1_0.id,l1_0.last_check,l1_0.last_update,l1_0.type,l1_0.url from link_info.link l1_0 where l1_0.chat_id=?
Hibernate: insert into link_info.link (chat_id, type, url) values (?, ?, ?)
Hibernate: select g1_0.id,g1_0.forks_count,l1_0.id,l1_0.chat_id,l1_0.last_check,l1_0.last_update,l1_0.type,l1_0.url,g1_0.watchers from link_info.github_updates g1_0 left join link_info.link l1_0 on l1_0.id=g1_0.id where g1_0.id=?
]]></system-out>
  </testcase>
  <testcase name="removeLink_shouldReturnExpectedResponse" classname="ru.tinkoff.edu.java.scrapper.service.jpa.JpaLinkServiceTest" time="1.287">
    <system-out><![CDATA[2023-05-09 14:54:43 &amp#27;[34mINFO &amp#27;[0;39m &amp#27;[35m[main]&amp#27;[0;39m &amp#27;[36mliquibase.database.log&amp#27;[0;39m - Set default schema name to public
2023-05-09 14:54:44 &amp#27;[34mINFO &amp#27;[0;39m &amp#27;[35m[main]&amp#27;[0;39m &amp#27;[36mliquibase.lockservice.log&amp#27;[0;39m - Successfully acquired change log lock
2023-05-09 14:54:44 &amp#27;[34mINFO &amp#27;[0;39m &amp#27;[35m[main]&amp#27;[0;39m &amp#27;[36mliquibase.changelog.log&amp#27;[0;39m - Reading from public.databasechangelog
2023-05-09 14:54:44 &amp#27;[34mINFO &amp#27;[0;39m &amp#27;[35m[main]&amp#27;[0;39m &amp#27;[36mliquibase.lockservice.log&amp#27;[0;39m - Successfully released change log lock
Hibernate: select c1_0.chat_id from link_info.chat c1_0 where c1_0.chat_id=?
Hibernate: select l1_0.chat_id,l1_0.id,l1_0.last_check,l1_0.last_update,l1_0.type,l1_0.url from link_info.link l1_0 where l1_0.chat_id=?
]]></system-out>
  </testcase>
  <testcase name="removeLink_shouldThrowBadRequestException" classname="ru.tinkoff.edu.java.scrapper.service.jpa.JpaLinkServiceTest" time="1.211">
    <system-out><![CDATA[2023-05-09 14:54:45 &amp#27;[34mINFO &amp#27;[0;39m &amp#27;[35m[main]&amp#27;[0;39m &amp#27;[36mliquibase.database.log&amp#27;[0;39m - Set default schema name to public
2023-05-09 14:54:45 &amp#27;[34mINFO &amp#27;[0;39m &amp#27;[35m[main]&amp#27;[0;39m &amp#27;[36mliquibase.lockservice.log&amp#27;[0;39m - Successfully acquired change log lock
2023-05-09 14:54:45 &amp#27;[34mINFO &amp#27;[0;39m &amp#27;[35m[main]&amp#27;[0;39m &amp#27;[36mliquibase.changelog.log&amp#27;[0;39m - Reading from public.databasechangelog
2023-05-09 14:54:45 &amp#27;[34mINFO &amp#27;[0;39m &amp#27;[35m[main]&amp#27;[0;39m &amp#27;[36mliquibase.lockservice.log&amp#27;[0;39m - Successfully released change log lock
Hibernate: select c1_0.chat_id from link_info.chat c1_0 where c1_0.chat_id=?
]]></system-out>
  </testcase>
  <testcase name="findAllLinksByTgChatId_shouldThrowBadRequestException" classname="ru.tinkoff.edu.java.scrapper.service.jpa.JpaLinkServiceTest" time="0.883">
    <system-out><![CDATA[2023-05-09 14:54:46 &amp#27;[34mINFO &amp#27;[0;39m &amp#27;[35m[main]&amp#27;[0;39m &amp#27;[36mliquibase.database.log&amp#27;[0;39m - Set default schema name to public
2023-05-09 14:54:46 &amp#27;[34mINFO &amp#27;[0;39m &amp#27;[35m[main]&amp#27;[0;39m &amp#27;[36mliquibase.lockservice.log&amp#27;[0;39m - Successfully acquired change log lock
2023-05-09 14:54:46 &amp#27;[34mINFO &amp#27;[0;39m &amp#27;[35m[main]&amp#27;[0;39m &amp#27;[36mliquibase.changelog.log&amp#27;[0;39m - Reading from public.databasechangelog
2023-05-09 14:54:46 &amp#27;[34mINFO &amp#27;[0;39m &amp#27;[35m[main]&amp#27;[0;39m &amp#27;[36mliquibase.lockservice.log&amp#27;[0;39m - Successfully released change log lock
Hibernate: select c1_0.chat_id from link_info.chat c1_0 where c1_0.chat_id=?
]]></system-out>
  </testcase>
  <testcase name="findAllLinksByTgChatId_shouldReturnExpectedResponse" classname="ru.tinkoff.edu.java.scrapper.service.jpa.JpaLinkServiceTest" time="1.777">
    <system-out><![CDATA[2023-05-09 14:54:47 &amp#27;[34mINFO &amp#27;[0;39m &amp#27;[35m[main]&amp#27;[0;39m &amp#27;[36mliquibase.database.log&amp#27;[0;39m - Set default schema name to public
2023-05-09 14:54:47 &amp#27;[34mINFO &amp#27;[0;39m &amp#27;[35m[main]&amp#27;[0;39m &amp#27;[36mliquibase.lockservice.log&amp#27;[0;39m - Successfully acquired change log lock
2023-05-09 14:54:48 &amp#27;[34mINFO &amp#27;[0;39m &amp#27;[35m[main]&amp#27;[0;39m &amp#27;[36mliquibase.changelog.log&amp#27;[0;39m - Reading from public.databasechangelog
2023-05-09 14:54:48 &amp#27;[34mINFO &amp#27;[0;39m &amp#27;[35m[main]&amp#27;[0;39m &amp#27;[36mliquibase.lockservice.log&amp#27;[0;39m - Successfully released change log lock
Hibernate: select c1_0.chat_id from link_info.chat c1_0 where c1_0.chat_id=?
Hibernate: select l1_0.id,l1_0.chat_id,l1_0.last_check,l1_0.last_update,l1_0.type,l1_0.url from link_info.link l1_0 where l1_0.chat_id=?
]]></system-out>
  </testcase>
  <testcase name="addLink_shouldThrowBadRequestException" classname="ru.tinkoff.edu.java.scrapper.service.jpa.JpaLinkServiceTest" time="1.369">
    <system-out><![CDATA[2023-05-09 14:54:49 &amp#27;[34mINFO &amp#27;[0;39m &amp#27;[35m[main]&amp#27;[0;39m &amp#27;[36mliquibase.database.log&amp#27;[0;39m - Set default schema name to public
2023-05-09 14:54:49 &amp#27;[34mINFO &amp#27;[0;39m &amp#27;[35m[main]&amp#27;[0;39m &amp#27;[36mliquibase.lockservice.log&amp#27;[0;39m - Successfully acquired change log lock
2023-05-09 14:54:49 &amp#27;[34mINFO &amp#27;[0;39m &amp#27;[35m[main]&amp#27;[0;39m &amp#27;[36mliquibase.changelog.log&amp#27;[0;39m - Reading from public.databasechangelog
2023-05-09 14:54:49 &amp#27;[34mINFO &amp#27;[0;39m &amp#27;[35m[main]&amp#27;[0;39m &amp#27;[36mliquibase.lockservice.log&amp#27;[0;39m - Successfully released change log lock
Hibernate: select c1_0.chat_id from link_info.chat c1_0 where c1_0.chat_id=?
]]></system-out>
  </testcase>
  <testcase name="addLink_shouldThrowDataAlreadyExistException" classname="ru.tinkoff.edu.java.scrapper.service.jpa.JpaLinkServiceTest" time="1.223">
    <system-out><![CDATA[2023-05-09 14:54:50 &amp#27;[34mINFO &amp#27;[0;39m &amp#27;[35m[main]&amp#27;[0;39m &amp#27;[36mliquibase.database.log&amp#27;[0;39m - Set default schema name to public
2023-05-09 14:54:50 &amp#27;[34mINFO &amp#27;[0;39m &amp#27;[35m[main]&amp#27;[0;39m &amp#27;[36mliquibase.lockservice.log&amp#27;[0;39m - Successfully acquired change log lock
2023-05-09 14:54:50 &amp#27;[34mINFO &amp#27;[0;39m &amp#27;[35m[main]&amp#27;[0;39m &amp#27;[36mliquibase.changelog.log&amp#27;[0;39m - Reading from public.databasechangelog
2023-05-09 14:54:51 &amp#27;[34mINFO &amp#27;[0;39m &amp#27;[35m[main]&amp#27;[0;39m &amp#27;[36mliquibase.lockservice.log&amp#27;[0;39m - Successfully released change log lock
Hibernate: select c1_0.chat_id from link_info.chat c1_0 where c1_0.chat_id=?
Hibernate: select l1_0.chat_id,l1_0.id,l1_0.last_check,l1_0.last_update,l1_0.type,l1_0.url from link_info.link l1_0 where l1_0.chat_id=?
]]></system-out>
  </testcase>
</testsuite>