<?xml version="1.0" encoding="UTF-8"?>
<testsuite xmlns:xsi="http://www.w3.org/2001/XMLSchema-instance" xsi:noNamespaceSchemaLocation="https://maven.apache.org/surefire/maven-surefire-plugin/xsd/surefire-test-report-3.0.xsd" version="3.0" name="ru.tinkoff.edu.java.scrapper.service.jdbc.JdbcLinksServiceTest" time="14.685" tests="8" errors="0" skipped="0" failures="0">
  <properties>
[...]
</properties>
  <testcase name="removeLink_shouldThrowDataNotFoundException" classname="ru.tinkoff.edu.java.scrapper.service.jdbc.JdbcLinksServiceTest" time="0.953">
    <system-out><![CDATA[2023-05-21 23:30:16 &amp#27;[34mINFO &amp#27;[0;39m &amp#27;[35m[main]&amp#27;[0;39m &amp#27;[36mo.s.t.c.s.AnnotationConfigContextLoaderUtils.detectDefaultConfigurationClasses&amp#27;[0;39m - Could not detect default configuration classes for test class [ru.tinkoff.edu.java.scrapper.service.jdbc.JdbcLinksServiceTest]: JdbcLinksServiceTest does not declare any static, non-private, non-final, nested classes annotated with @Configuration.
2023-05-21 23:30:16 &amp#27;[34mINFO &amp#27;[0;39m &amp#27;[35m[main]&amp#27;[0;39m &amp#27;[36mo.s.b.t.c.SpringBootTestContextBootstrapper.getOrFindConfigurationClasses&amp#27;[0;39m - Found @SpringBootConfiguration ru.tinkoff.edu.java.scrapper.ScrapperApplication for test class ru.tinkoff.edu.java.scrapper.service.jdbc.JdbcLinksServiceTest
2023-05-21 23:30:16 &amp#27;[31mWARN &amp#27;[0;39m &amp#27;[35m[main]&amp#27;[0;39m &amp#27;[36mo.t.u.TestcontainersConfiguration.readProperties&amp#27;[0;39m - Attempted to read Testcontainers configuration file at file:/C:/Users/PC-/.testcontainers.properties but the file was not found. Exception message: FileNotFoundException: C:\Users\PC-\.testcontainers.properties (Не удается найти указанный файл)
2023-05-21 23:30:16 &amp#27;[34mINFO &amp#27;[0;39m &amp#27;[35m[main]&amp#27;[0;39m &amp#27;[36mo.t.u.ImageNameSubstitutor.instance&amp#27;[0;39m - Image name substitution will be performed by: DefaultImageNameSubstitutor (composite of 'ConfigurationFileImageNameSubstitutor' and 'PrefixingImageNameSubstitutor')
2023-05-21 23:30:16 &amp#27;[34mINFO &amp#27;[0;39m &amp#27;[35m[main]&amp#27;[0;39m &amp#27;[36mo.t.d.DockerClientProviderStrategy.tryOutStrategy&amp#27;[0;39m - Found Docker environment with local Npipe socket (npipe:////./pipe/docker_engine)
2023-05-21 23:30:16 &amp#27;[34mINFO &amp#27;[0;39m &amp#27;[35m[main]&amp#27;[0;39m &amp#27;[36mo.t.DockerClientFactory.client&amp#27;[0;39m - Docker host IP address is localhost
2023-05-21 23:30:16 &amp#27;[34mINFO &amp#27;[0;39m &amp#27;[35m[main]&amp#27;[0;39m &amp#27;[36mo.t.DockerClientFactory.client&amp#27;[0;39m - Connected to docker: 
  Server Version: 23.0.5
  API Version: 1.42
  Operating System: Docker Desktop
  Total Memory: 7798 MB
2023-05-21 23:30:16 &amp#27;[34mINFO &amp#27;[0;39m &amp#27;[35m[main]&amp#27;[0;39m &amp#27;[36md.3.4].resolve&amp#27;[0;39m - Pulling docker image: testcontainers/ryuk:0.3.4. Please be patient; this may take some time but only needs to be done once.
2023-05-21 23:30:16 &amp#27;[34mINFO &amp#27;[0;39m &amp#27;[35m[main]&amp#27;[0;39m &amp#27;[36mo.t.u.RegistryAuthLocator.runCredentialProvider&amp#27;[0;39m - Credential helper/store (docker-credential-desktop) does not have credentials for https://index.docker.io/v1/
2023-05-21 23:30:21 &amp#27;[34mINFO &amp#27;[0;39m &amp#27;[35m[docker-java-stream-257369379]&amp#27;[0;39m &amp#27;[36md.3.4].onStart&amp#27;[0;39m - Starting to pull image
2023-05-21 23:30:21 &amp#27;[34mINFO &amp#27;[0;39m &amp#27;[35m[docker-java-stream-257369379]&amp#27;[0;39m &amp#27;[36md.3.4].onNext&amp#27;[0;39m - Pulling image layers:  0 pending,  0 downloaded,  0 extracted, (0 bytes/0 bytes)
2023-05-21 23:30:22 &amp#27;[34mINFO &amp#27;[0;39m &amp#27;[35m[docker-java-stream-257369379]&amp#27;[0;39m &amp#27;[36md.3.4].onNext&amp#27;[0;39m - Pulling image layers:  2 pending,  1 downloaded,  0 extracted, (767 KB/? MB)
2023-05-21 23:30:23 &amp#27;[34mINFO &amp#27;[0;39m &amp#27;[35m[docker-java-stream-257369379]&amp#27;[0;39m &amp#27;[36md.3.4].onNext&amp#27;[0;39m - Pulling image layers:  1 pending,  2 downloaded,  0 extracted, (3 MB/? MB)
2023-05-21 23:30:23 &amp#27;[34mINFO &amp#27;[0;39m &amp#27;[35m[docker-java-stream-257369379]&amp#27;[0;39m &amp#27;[36md.3.4].onNext&amp#27;[0;39m - Pulling image layers:  1 pending,  2 downloaded,  1 extracted, (4 MB/? MB)
2023-05-21 23:30:23 &amp#27;[34mINFO &amp#27;[0;39m &amp#27;[35m[docker-java-stream-257369379]&amp#27;[0;39m &amp#27;[36md.3.4].onNext&amp#27;[0;39m - Pulling image layers:  1 pending,  2 downloaded,  2 extracted, (4 MB/? MB)
2023-05-21 23:30:23 &amp#27;[34mINFO &amp#27;[0;39m &amp#27;[35m[docker-java-stream-257369379]&amp#27;[0;39m &amp#27;[36md.3.4].onNext&amp#27;[0;39m - Pulling image layers:  0 pending,  3 downloaded,  2 extracted, (5 MB/5 MB)
2023-05-21 23:30:23 &amp#27;[34mINFO &amp#27;[0;39m &amp#27;[35m[docker-java-stream-257369379]&amp#27;[0;39m &amp#27;[36md.3.4].onNext&amp#27;[0;39m - Pulling image layers:  0 pending,  3 downloaded,  3 extracted, (5 MB/5 MB)
2023-05-21 23:30:23 &amp#27;[34mINFO &amp#27;[0;39m &amp#27;[35m[docker-java-stream-257369379]&amp#27;[0;39m &amp#27;[36md.3.4].onComplete&amp#27;[0;39m - Pull complete. 3 layers, pulled in 2s (downloaded 5 MB at 2 MB/s)
2023-05-21 23:30:23 &amp#27;[34mINFO &amp#27;[0;39m &amp#27;[35m[main]&amp#27;[0;39m &amp#27;[36md.3.4].tryStart&amp#27;[0;39m - Creating container for image: testcontainers/ryuk:0.3.4
2023-05-21 23:30:23 &amp#27;[34mINFO &amp#27;[0;39m &amp#27;[35m[main]&amp#27;[0;39m &amp#27;[36md.3.4].tryStart&amp#27;[0;39m - Container testcontainers/ryuk:0.3.4 is starting: d9831c659f869a61be52fec6b1ba287e3803e623a33fcca4e0bb384fc92c52c8
2023-05-21 23:30:24 &amp#27;[34mINFO &amp#27;[0;39m &amp#27;[35m[main]&amp#27;[0;39m &amp#27;[36md.3.4].tryStart&amp#27;[0;39m - Container testcontainers/ryuk:0.3.4 started in PT7.2697685S
2023-05-21 23:30:24 &amp#27;[34mINFO &amp#27;[0;39m &amp#27;[35m[main]&amp#27;[0;39m &amp#27;[36mo.t.utility.RyukResourceReaper.init&amp#27;[0;39m - Ryuk started - will monitor and terminate Testcontainers containers on JVM exit
2023-05-21 23:30:24 &amp#27;[34mINFO &amp#27;[0;39m &amp#27;[35m[main]&amp#27;[0;39m &amp#27;[36mo.t.DockerClientFactory.client&amp#27;[0;39m - Checking the system...
2023-05-21 23:30:24 &amp#27;[34mINFO &amp#27;[0;39m &amp#27;[35m[main]&amp#27;[0;39m &amp#27;[36mo.t.DockerClientFactory.check&amp#27;[0;39m - ?? Docker server version should be at least 1.6.0
2023-05-21 23:30:24 &amp#27;[34mINFO &amp#27;[0;39m &amp#27;[35m[main]&amp#27;[0;39m &amp#27;[36mdocker[postgres:15].tryStart&amp#27;[0;39m - Creating container for image: postgres:15
2023-05-21 23:30:24 &amp#27;[34mINFO &amp#27;[0;39m &amp#27;[35m[main]&amp#27;[0;39m &amp#27;[36mdocker[postgres:15].tryStart&amp#27;[0;39m - Container postgres:15 is starting: cc51b57b2ec89b6af05f5727314c5fadf6c099f27e515a850347b6f0714f86d9
2023-05-21 23:30:25 &amp#27;[34mINFO &amp#27;[0;39m &amp#27;[35m[main]&amp#27;[0;39m &amp#27;[36mdocker[postgres:15].tryStart&amp#27;[0;39m - Container postgres:15 started in PT1.1743717S

  .   ____          _            __ _ _
 /\\ / ___'_ __ _ _(_)_ __  __ _ \ \ \ \
( ( )\___ | '_ | '_| | '_ \/ _` | \ \ \ \
 \\/  ___)| |_)| | | | | || (_| |  ) ) ) )
  '  |____| .__|_| |_|_| |_\__, | / / / /
 =========|_|==============|___/=/_/_/_/
 :: Spring Boot ::                (v3.0.1)

2023-05-21 23:30:25 &amp#27;[34mINFO &amp#27;[0;39m &amp#27;[35m[background-preinit]&amp#27;[0;39m &amp#27;[36mo.h.v.internal.util.Version.<clinit>&amp#27;[0;39m - HV000001: Hibernate Validator 8.0.0.Final
2023-05-21 23:30:25 &amp#27;[34mINFO &amp#27;[0;39m &amp#27;[35m[main]&amp#27;[0;39m &amp#27;[36mr.t.e.j.s.s.j.JdbcLinksServiceTest.logStarting&amp#27;[0;39m - Starting JdbcLinksServiceTest using Java 17.0.7 with PID 14056 (started by PC- in C:\Java Development\TinkoffRep\TinkoffProject\scrapper)
2023-05-21 23:30:25 &amp#27;[34mINFO &amp#27;[0;39m &amp#27;[35m[main]&amp#27;[0;39m &amp#27;[36mr.t.e.j.s.s.j.JdbcLinksServiceTest.logStartupProfileInfo&amp#27;[0;39m - No active profile set, falling back to 1 default profile: "default"
2023-05-21 23:30:28 &amp#27;[34mINFO &amp#27;[0;39m &amp#27;[35m[main]&amp#27;[0;39m &amp#27;[36mr.t.e.j.s.s.j.JdbcLinksServiceTest.logStarted&amp#27;[0;39m - Started JdbcLinksServiceTest in 3.618 seconds (process running for 13.277)
2023-05-21 23:30:28 &amp#27;[1;31mERROR&amp#27;[0;39m &amp#27;[35m[scheduling-1]&amp#27;[0;39m &amp#27;[36mo.s.s.s.TaskUtils$LoggingErrorHandler.handleError&amp#27;[0;39m - Unexpected error occurred in scheduled task
org.springframework.jdbc.BadSqlGrammarException: StatementCallback; bad SQL grammar [SELECT l1.* FROM link_info.link l1 WHERE l1.id = (SELECT l2.id FROM link_info.link l2 WHERE l2.chat_id = l1.chat_id ORDER BY l2.last_check LIMIT 1);]
	at org.springframework.jdbc.support.SQLStateSQLExceptionTranslator.doTranslate(SQLStateSQLExceptionTranslator.java:99)
	at org.springframework.jdbc.support.AbstractFallbackSQLExceptionTranslator.translate(AbstractFallbackSQLExceptionTranslator.java:70)
	at org.springframework.jdbc.support.AbstractFallbackSQLExceptionTranslator.translate(AbstractFallbackSQLExceptionTranslator.java:79)
	at org.springframework.jdbc.core.JdbcTemplate.translateException(JdbcTemplate.java:1538)
	at org.springframework.jdbc.core.JdbcTemplate.execute(JdbcTemplate.java:393)
	at org.springframework.jdbc.core.JdbcTemplate.query(JdbcTemplate.java:465)
	at org.springframework.jdbc.core.JdbcTemplate.query(JdbcTemplate.java:475)
	at ru.tinkoff.edu.java.scrapper.repository.imp.LinkRepositoryImpl.findOneOldestLinksByLastCheckForEachUser(LinkRepositoryImpl.java:107)
	at java.base/jdk.internal.reflect.NativeMethodAccessorImpl.invoke0(Native Method)
	at java.base/jdk.internal.reflect.NativeMethodAccessorImpl.invoke(NativeMethodAccessorImpl.java:77)
	at java.base/jdk.internal.reflect.DelegatingMethodAccessorImpl.invoke(DelegatingMethodAccessorImpl.java:43)
	at java.base/java.lang.reflect.Method.invoke(Method.java:568)
	at org.springframework.aop.support.AopUtils.invokeJoinpointUsingReflection(AopUtils.java:343)
	at org.springframework.aop.framework.ReflectiveMethodInvocation.invokeJoinpoint(ReflectiveMethodInvocation.java:196)
	at org.springframework.aop.framework.ReflectiveMethodInvocation.proceed(ReflectiveMethodInvocation.java:163)
	at org.springframework.aop.framework.CglibAopProxy$CglibMethodInvocation.proceed(CglibAopProxy.java:752)
	at org.springframework.dao.support.PersistenceExceptionTranslationInterceptor.invoke(PersistenceExceptionTranslationInterceptor.java:137)
	at org.springframework.aop.framework.ReflectiveMethodInvocation.proceed(ReflectiveMethodInvocation.java:184)
	at org.springframework.aop.framework.CglibAopProxy$CglibMethodInvocation.proceed(CglibAopProxy.java:752)
	at org.springframework.aop.framework.CglibAopProxy$DynamicAdvisedInterceptor.intercept(CglibAopProxy.java:703)
	at ru.tinkoff.edu.java.scrapper.repository.imp.LinkRepositoryImpl$$SpringCGLIB$$0.findOneOldestLinksByLastCheckForEachUser(<generated>)
	at ru.tinkoff.edu.java.scrapper.service.jdbc.JdbcLinksService.findAllOldestLinksByLastCheck(JdbcLinksService.java:61)
	at java.base/jdk.internal.reflect.NativeMethodAccessorImpl.invoke0(Native Method)
	at java.base/jdk.internal.reflect.NativeMethodAccessorImpl.invoke(NativeMethodAccessorImpl.java:77)
	at java.base/jdk.internal.reflect.DelegatingMethodAccessorImpl.invoke(DelegatingMethodAccessorImpl.java:43)
	at java.base/java.lang.reflect.Method.invoke(Method.java:568)
	at org.springframework.aop.support.AopUtils.invokeJoinpointUsingReflection(AopUtils.java:343)
	at org.springframework.aop.framework.ReflectiveMethodInvocation.invokeJoinpoint(ReflectiveMethodInvocation.java:196)
	at org.springframework.aop.framework.ReflectiveMethodInvocation.proceed(ReflectiveMethodInvocation.java:163)
	at org.springframework.aop.framework.CglibAopProxy$CglibMethodInvocation.proceed(CglibAopProxy.java:752)
	at org.springframework.transaction.interceptor.TransactionInterceptor$1.proceedWithInvocation(TransactionInterceptor.java:123)
	at org.springframework.transaction.interceptor.TransactionAspectSupport.invokeWithinTransaction(TransactionAspectSupport.java:388)
	at org.springframework.transaction.interceptor.TransactionInterceptor.invoke(TransactionInterceptor.java:119)
	at org.springframework.aop.framework.ReflectiveMethodInvocation.proceed(ReflectiveMethodInvocation.java:184)
	at org.springframework.aop.framework.CglibAopProxy$CglibMethodInvocation.proceed(CglibAopProxy.java:752)
	at org.springframework.aop.framework.CglibAopProxy$DynamicAdvisedInterceptor.intercept(CglibAopProxy.java:703)
	at ru.tinkoff.edu.java.scrapper.service.jdbc.JdbcLinksService$$SpringCGLIB$$0.findAllOldestLinksByLastCheck(<generated>)
	at ru.tinkoff.edu.java.scrapper.service.schedule.LinkUpdaterScheduler.update(LinkUpdaterScheduler.java:45)
	at java.base/jdk.internal.reflect.NativeMethodAccessorImpl.invoke0(Native Method)
	at java.base/jdk.internal.reflect.NativeMethodAccessorImpl.invoke(NativeMethodAccessorImpl.java:77)
	at java.base/jdk.internal.reflect.DelegatingMethodAccessorImpl.invoke(DelegatingMethodAccessorImpl.java:43)
	at java.base/java.lang.reflect.Method.invoke(Method.java:568)
	at org.springframework.scheduling.support.ScheduledMethodRunnable.run(ScheduledMethodRunnable.java:84)
	at org.springframework.scheduling.support.DelegatingErrorHandlingRunnable.run(DelegatingErrorHandlingRunnable.java:54)
	at java.base/java.util.concurrent.Executors$RunnableAdapter.call(Executors.java:539)
	at java.base/java.util.concurrent.FutureTask.runAndReset(FutureTask.java:305)
	at java.base/java.util.concurrent.ScheduledThreadPoolExecutor$ScheduledFutureTask.run(ScheduledThreadPoolExecutor.java:305)
	at java.base/java.util.concurrent.ThreadPoolExecutor.runWorker(ThreadPoolExecutor.java:1136)
	at java.base/java.util.concurrent.ThreadPoolExecutor$Worker.run(ThreadPoolExecutor.java:635)
	at java.base/java.lang.Thread.run(Thread.java:833)
Caused by: org.postgresql.util.PSQLException: ERROR: relation "link_info.link" does not exist
  Позиция: 18
	at org.postgresql.core.v3.QueryExecutorImpl.receiveErrorResponse(QueryExecutorImpl.java:2676)
	at org.postgresql.core.v3.QueryExecutorImpl.processResults(QueryExecutorImpl.java:2366)
	at org.postgresql.core.v3.QueryExecutorImpl.execute(QueryExecutorImpl.java:356)
	at org.postgresql.jdbc.PgStatement.executeInternal(PgStatement.java:496)
	at org.postgresql.jdbc.PgStatement.execute(PgStatement.java:413)
	at org.postgresql.jdbc.PgStatement.executeWithFlags(PgStatement.java:333)
	at org.postgresql.jdbc.PgStatement.executeCachedSql(PgStatement.java:319)
	at org.postgresql.jdbc.PgStatement.executeWithFlags(PgStatement.java:295)
	at org.postgresql.jdbc.PgStatement.executeQuery(PgStatement.java:244)
	at org.springframework.jdbc.core.JdbcTemplate$1QueryStatementCallback.doInStatement(JdbcTemplate.java:452)
	at org.springframework.jdbc.core.JdbcTemplate.execute(JdbcTemplate.java:381)
	... 45 common frames omitted
2023-05-21 23:30:29 &amp#27;[34mINFO &amp#27;[0;39m &amp#27;[35m[main]&amp#27;[0;39m &amp#27;[36mliquibase.database.log&amp#27;[0;39m - Set default schema name to public
2023-05-21 23:30:29 &amp#27;[34mINFO &amp#27;[0;39m &amp#27;[35m[main]&amp#27;[0;39m &amp#27;[36mliquibase.lockservice.log&amp#27;[0;39m - Successfully acquired change log lock
2023-05-21 23:30:29 &amp#27;[34mINFO &amp#27;[0;39m &amp#27;[35m[main]&amp#27;[0;39m &amp#27;[36mliquibase.changelog.log&amp#27;[0;39m - Creating database history table with name: public.databasechangelog
2023-05-21 23:30:29 &amp#27;[34mINFO &amp#27;[0;39m &amp#27;[35m[main]&amp#27;[0;39m &amp#27;[36mliquibase.changelog.log&amp#27;[0;39m - Reading from public.databasechangelog
Running Changeset: link-info-schema.sql::23::admin
2023-05-21 23:30:29 &amp#27;[34mINFO &amp#27;[0;39m &amp#27;[35m[main]&amp#27;[0;39m &amp#27;[36mliquibase.changelog.log&amp#27;[0;39m - Custom SQL executed
2023-05-21 23:30:29 &amp#27;[34mINFO &amp#27;[0;39m &amp#27;[35m[main]&amp#27;[0;39m &amp#27;[36mliquibase.changelog.log&amp#27;[0;39m - ChangeSet link-info-schema.sql::23::admin ran successfully in 18ms
Running Changeset: link-info-insert.sql::23::admin
2023-05-21 23:30:29 &amp#27;[34mINFO &amp#27;[0;39m &amp#27;[35m[main]&amp#27;[0;39m &amp#27;[36mliquibase.changelog.log&amp#27;[0;39m - Custom SQL executed
2023-05-21 23:30:29 &amp#27;[34mINFO &amp#27;[0;39m &amp#27;[35m[main]&amp#27;[0;39m &amp#27;[36mliquibase.changelog.log&amp#27;[0;39m - ChangeSet link-info-insert.sql::23::admin ran successfully in 14ms
2023-05-21 23:30:29 &amp#27;[34mINFO &amp#27;[0;39m &amp#27;[35m[main]&amp#27;[0;39m &amp#27;[36mliquibase.lockservice.log&amp#27;[0;39m - Successfully released change log lock
]]></system-out>
  </testcase>
  <testcase name="addLink_shouldReturnExpectedResponse" classname="ru.tinkoff.edu.java.scrapper.service.jdbc.JdbcLinksServiceTest" time="0.144">
    <system-out><![CDATA[2023-05-21 23:30:29 &amp#27;[34mINFO &amp#27;[0;39m &amp#27;[35m[main]&amp#27;[0;39m &amp#27;[36mliquibase.database.log&amp#27;[0;39m - Set default schema name to public
2023-05-21 23:30:29 &amp#27;[34mINFO &amp#27;[0;39m &amp#27;[35m[main]&amp#27;[0;39m &amp#27;[36mliquibase.lockservice.log&amp#27;[0;39m - Successfully acquired change log lock
2023-05-21 23:30:29 &amp#27;[34mINFO &amp#27;[0;39m &amp#27;[35m[main]&amp#27;[0;39m &amp#27;[36mliquibase.changelog.log&amp#27;[0;39m - Reading from public.databasechangelog
2023-05-21 23:30:29 &amp#27;[34mINFO &amp#27;[0;39m &amp#27;[35m[main]&amp#27;[0;39m &amp#27;[36mliquibase.lockservice.log&amp#27;[0;39m - Successfully released change log lock
]]></system-out>
  </testcase>
  <testcase name="removeLink_shouldReturnExpectedResponse" classname="ru.tinkoff.edu.java.scrapper.service.jdbc.JdbcLinksServiceTest" time="0.131">
    <system-out><![CDATA[2023-05-21 23:30:30 &amp#27;[34mINFO &amp#27;[0;39m &amp#27;[35m[main]&amp#27;[0;39m &amp#27;[36mliquibase.database.log&amp#27;[0;39m - Set default schema name to public
2023-05-21 23:30:30 &amp#27;[34mINFO &amp#27;[0;39m &amp#27;[35m[main]&amp#27;[0;39m &amp#27;[36mliquibase.lockservice.log&amp#27;[0;39m - Successfully acquired change log lock
2023-05-21 23:30:30 &amp#27;[34mINFO &amp#27;[0;39m &amp#27;[35m[main]&amp#27;[0;39m &amp#27;[36mliquibase.changelog.log&amp#27;[0;39m - Reading from public.databasechangelog
2023-05-21 23:30:30 &amp#27;[34mINFO &amp#27;[0;39m &amp#27;[35m[main]&amp#27;[0;39m &amp#27;[36mliquibase.lockservice.log&amp#27;[0;39m - Successfully released change log lock
]]></system-out>
  </testcase>
  <testcase name="removeLink_shouldThrowBadRequestException" classname="ru.tinkoff.edu.java.scrapper.service.jdbc.JdbcLinksServiceTest" time="0.128">
    <system-out><![CDATA[2023-05-21 23:30:30 &amp#27;[34mINFO &amp#27;[0;39m &amp#27;[35m[main]&amp#27;[0;39m &amp#27;[36mliquibase.database.log&amp#27;[0;39m - Set default schema name to public
2023-05-21 23:30:30 &amp#27;[34mINFO &amp#27;[0;39m &amp#27;[35m[main]&amp#27;[0;39m &amp#27;[36mliquibase.lockservice.log&amp#27;[0;39m - Successfully acquired change log lock
2023-05-21 23:30:30 &amp#27;[34mINFO &amp#27;[0;39m &amp#27;[35m[main]&amp#27;[0;39m &amp#27;[36mliquibase.changelog.log&amp#27;[0;39m - Reading from public.databasechangelog
2023-05-21 23:30:30 &amp#27;[34mINFO &amp#27;[0;39m &amp#27;[35m[main]&amp#27;[0;39m &amp#27;[36mliquibase.lockservice.log&amp#27;[0;39m - Successfully released change log lock
]]></system-out>
  </testcase>
  <testcase name="findAllLinksByTgChatId_shouldThrowBadRequestException" classname="ru.tinkoff.edu.java.scrapper.service.jdbc.JdbcLinksServiceTest" time="0.122">
    <system-out><![CDATA[2023-05-21 23:30:30 &amp#27;[34mINFO &amp#27;[0;39m &amp#27;[35m[main]&amp#27;[0;39m &amp#27;[36mliquibase.database.log&amp#27;[0;39m - Set default schema name to public
2023-05-21 23:30:30 &amp#27;[34mINFO &amp#27;[0;39m &amp#27;[35m[main]&amp#27;[0;39m &amp#27;[36mliquibase.lockservice.log&amp#27;[0;39m - Successfully acquired change log lock
2023-05-21 23:30:30 &amp#27;[34mINFO &amp#27;[0;39m &amp#27;[35m[main]&amp#27;[0;39m &amp#27;[36mliquibase.changelog.log&amp#27;[0;39m - Reading from public.databasechangelog
2023-05-21 23:30:30 &amp#27;[34mINFO &amp#27;[0;39m &amp#27;[35m[main]&amp#27;[0;39m &amp#27;[36mliquibase.lockservice.log&amp#27;[0;39m - Successfully released change log lock
]]></system-out>
  </testcase>
  <testcase name="findAllLinksByTgChatId_shouldReturnExpectedResponse" classname="ru.tinkoff.edu.java.scrapper.service.jdbc.JdbcLinksServiceTest" time="0.113">
    <system-out><![CDATA[2023-05-21 23:30:30 &amp#27;[34mINFO &amp#27;[0;39m &amp#27;[35m[main]&amp#27;[0;39m &amp#27;[36mliquibase.database.log&amp#27;[0;39m - Set default schema name to public
2023-05-21 23:30:30 &amp#27;[34mINFO &amp#27;[0;39m &amp#27;[35m[main]&amp#27;[0;39m &amp#27;[36mliquibase.lockservice.log&amp#27;[0;39m - Successfully acquired change log lock
2023-05-21 23:30:30 &amp#27;[34mINFO &amp#27;[0;39m &amp#27;[35m[main]&amp#27;[0;39m &amp#27;[36mliquibase.changelog.log&amp#27;[0;39m - Reading from public.databasechangelog
2023-05-21 23:30:30 &amp#27;[34mINFO &amp#27;[0;39m &amp#27;[35m[main]&amp#27;[0;39m &amp#27;[36mliquibase.lockservice.log&amp#27;[0;39m - Successfully released change log lock
ListLinksResponse(links=[], size=0)
]]></system-out>
  </testcase>
  <testcase name="addLink_shouldThrowBadRequestException" classname="ru.tinkoff.edu.java.scrapper.service.jdbc.JdbcLinksServiceTest" time="0.097">
    <system-out><![CDATA[2023-05-21 23:30:30 &amp#27;[34mINFO &amp#27;[0;39m &amp#27;[35m[main]&amp#27;[0;39m &amp#27;[36mliquibase.database.log&amp#27;[0;39m - Set default schema name to public
2023-05-21 23:30:30 &amp#27;[34mINFO &amp#27;[0;39m &amp#27;[35m[main]&amp#27;[0;39m &amp#27;[36mliquibase.lockservice.log&amp#27;[0;39m - Successfully acquired change log lock
2023-05-21 23:30:30 &amp#27;[34mINFO &amp#27;[0;39m &amp#27;[35m[main]&amp#27;[0;39m &amp#27;[36mliquibase.changelog.log&amp#27;[0;39m - Reading from public.databasechangelog
2023-05-21 23:30:30 &amp#27;[34mINFO &amp#27;[0;39m &amp#27;[35m[main]&amp#27;[0;39m &amp#27;[36mliquibase.lockservice.log&amp#27;[0;39m - Successfully released change log lock
]]></system-out>
  </testcase>
  <testcase name="addLink_shouldThrowDataAlreadyExistException" classname="ru.tinkoff.edu.java.scrapper.service.jdbc.JdbcLinksServiceTest" time="0.107">
    <system-out><![CDATA[2023-05-21 23:30:30 &amp#27;[34mINFO &amp#27;[0;39m &amp#27;[35m[main]&amp#27;[0;39m &amp#27;[36mliquibase.database.log&amp#27;[0;39m - Set default schema name to public
2023-05-21 23:30:30 &amp#27;[34mINFO &amp#27;[0;39m &amp#27;[35m[main]&amp#27;[0;39m &amp#27;[36mliquibase.lockservice.log&amp#27;[0;39m - Successfully acquired change log lock
2023-05-21 23:30:30 &amp#27;[34mINFO &amp#27;[0;39m &amp#27;[35m[main]&amp#27;[0;39m &amp#27;[36mliquibase.changelog.log&amp#27;[0;39m - Reading from public.databasechangelog
2023-05-21 23:30:30 &amp#27;[34mINFO &amp#27;[0;39m &amp#27;[35m[main]&amp#27;[0;39m &amp#27;[36mliquibase.lockservice.log&amp#27;[0;39m - Successfully released change log lock
]]></system-out>
  </testcase>
</testsuite>