<?xml version="1.0" encoding="UTF-8"?>
<testsuite xmlns:xsi="http://www.w3.org/2001/XMLSchema-instance" xsi:noNamespaceSchemaLocation="https://maven.apache.org/surefire/maven-surefire-plugin/xsd/surefire-test-report-3.0.xsd" version="3.0" name="ru.tinkoff.edu.java.parser.ParserTest" time="0.181" tests="11" errors="0" skipped="0" failures="0">
  <properties>
[...]
</properties>
  <testcase name="checkLink_shouldReturnNull(String)[1]" classname="ru.tinkoff.edu.java.parser.ParserTest" time="0.072"/>
  <testcase name="checkLink_shouldReturnNull(String)[2]" classname="ru.tinkoff.edu.java.parser.ParserTest" time="0.002"/>
  <testcase name="checkLink_shouldReturnNull(String)[3]" classname="ru.tinkoff.edu.java.parser.ParserTest" time="0.001"/>
  <testcase name="checkLink_shouldReturnNull(String)[4]" classname="ru.tinkoff.edu.java.parser.ParserTest" time="0.001"/>
  <testcase name="checkLink_shouldReturnNull(String)[5]" classname="ru.tinkoff.edu.java.parser.ParserTest" time="0.001"/>
  <testcase name="checkLink_shouldReturnNull(String)[6]" classname="ru.tinkoff.edu.java.parser.ParserTest" time="0.001"/>
  <testcase name="checkLink_shouldReturnNull(String)[7]" classname="ru.tinkoff.edu.java.parser.ParserTest" time="0.001"/>
  <testcase name="checkLink_shouldReturnNull(String)[8]" classname="ru.tinkoff.edu.java.parser.ParserTest" time="0.001"/>
  <testcase name="checkLink_shouldReturnNull(String)[9]" classname="ru.tinkoff.edu.java.parser.ParserTest" time="0.001"/>
  <testcase name="checkLink_shouldReturnGitHubResultRecord" classname="ru.tinkoff.edu.java.parser.ParserTest" time="0.024"/>
  <testcase name="checkLink_shouldReturnGStackOverflowResultRecord" classname="ru.tinkoff.edu.java.parser.ParserTest" time="0.004"/>
</testsuite>